\BOOKMARK [1][-]{section.1}{1. September 5th, 2012}{}% 1
\BOOKMARK [2][-]{subsection.1.1}{1.1. Notion of rank}{section.1}% 2
\BOOKMARK [2][-]{subsection.1.2}{1.2. Working hypothesis}{section.1}% 3
\BOOKMARK [2][-]{subsection.1.3}{1.3. Distribution of \(R1,\203,RN\)}{section.1}% 4
\BOOKMARK [2][-]{subsection.1.4}{1.4. Invariance with respect to F}{section.1}% 5
\BOOKMARK [1][-]{section.2}{2. September 10th, 2012}{}% 6
\BOOKMARK [1][-]{section.3}{3. September 12th, 2012}{}% 7
\BOOKMARK [1][-]{section.4}{4. September 17th, 2012}{}% 8
\BOOKMARK [2][-]{subsection.4.1}{4.1. Dealing with Ties}{section.4}% 9
\BOOKMARK [1][-]{section.5}{5. September 19th, 2012}{}% 10
\BOOKMARK [1][-]{section.6}{6. September 24th, 2012}{}% 11
\BOOKMARK [1][-]{section.7}{7. September 26th, 2012}{}% 12
\BOOKMARK [1][-]{section.8}{8. October 1st, 2012}{}% 13
\BOOKMARK [2][-]{subsection.8.1}{8.1. Comparing Wilcoxon to t-test}{section.8}% 14
\BOOKMARK [2][-]{subsection.8.2}{8.2. Optimal Tests}{section.8}% 15
\BOOKMARK [1][-]{section.9}{9. October 3rd, 2012}{}% 16
\BOOKMARK [2][-]{subsection.9.1}{9.1. Lehmann Alternatives}{section.9}% 17
\BOOKMARK [2][-]{subsection.9.2}{9.2. Estimation of Treatment Effect}{section.9}% 18
\BOOKMARK [1][-]{section.10}{10. October 10th, 2012}{}% 19
\BOOKMARK [2][-]{subsection.10.1}{10.1. Consistency of "0362}{section.10}% 20
\BOOKMARK [2][-]{subsection.10.2}{10.2. Paired Z-test versus Classical Z-test}{section.10}% 21
\BOOKMARK [1][-]{section.11}{11. October 15th, 2012}{}% 22
\BOOKMARK [2][-]{subsection.11.1}{11.1. Moments of VS*}{section.11}% 23
\BOOKMARK [1][-]{section.12}{12. October 22nd, 2012}{}% 24
\BOOKMARK [2][-]{subsection.12.1}{12.1. Multiple Data Blocks}{section.12}% 25
\BOOKMARK [2][-]{subsection.12.2}{12.2. Power of the Sign Test}{section.12}% 26
\BOOKMARK [1][-]{section.13}{13. October 24th, 2012}{}% 27
\BOOKMARK [2][-]{subsection.13.1}{13.1. Sign Test}{section.13}% 28
\BOOKMARK [2][-]{subsection.13.2}{13.2. Sign Wilcoxon Test}{section.13}% 29
\BOOKMARK [2][-]{subsection.13.3}{13.3. Power of Wilcoxon's Signed-rank Test}{section.13}% 30
\BOOKMARK [1][-]{section.14}{14. October 29th, 2012}{}% 31
\BOOKMARK [1][-]{section.15}{15. October 31st, 2012}{}% 32
\BOOKMARK [2][-]{subsection.15.1}{15.1. ARE of Wilcoxon Sign Test versus Paired bold0mu mumu tttttt-test}{section.15}% 33
\BOOKMARK [2][-]{subsection.15.2}{15.2. Comparison between the three tests}{section.15}% 34
\BOOKMARK [2][-]{subsection.15.3}{15.3. ARE of Sign Test versus Wilcoxon Test}{section.15}% 35
\BOOKMARK [2][-]{subsection.15.4}{15.4. Estimation of the Treatment Effect}{section.15}% 36
\BOOKMARK [1][-]{section.16}{16. November 5th, 2012}{}% 37
\BOOKMARK [2][-]{subsection.16.1}{16.1. Kruskal-Wallis Test \(for several treatments\)}{section.16}% 38
\BOOKMARK [2][-]{subsection.16.2}{16.2. Choosing an Alternative}{section.16}% 39
\BOOKMARK [2][-]{subsection.16.3}{16.3. Asymptotic Approximation of the Kruskal-Wallis Statistic}{section.16}% 40
\BOOKMARK [2][-]{subsection.16.4}{16.4. Dealing with Ties}{section.16}% 41
\BOOKMARK [1][-]{section.17}{17. November 7th, 2012}{}% 42
\BOOKMARK [2][-]{subsection.17.1}{17.1. General Formula}{section.17}% 43
\BOOKMARK [1][-]{section.18}{18. November 12th, 2012}{}% 44
\BOOKMARK [2][-]{subsection.18.1}{18.1. The Jonckheere Test}{section.18}% 45
\BOOKMARK [2][-]{subsection.18.2}{18.2. Friedman's Test}{section.18}% 46
\BOOKMARK [1][-]{section.19}{19. November 14th, 2012}{}% 47
\BOOKMARK [2][-]{subsection.19.1}{19.1. A special case \(s=2\)}{section.19}% 48
\BOOKMARK [1][-]{section.20}{20. November 19th, 2012}{}% 49
\BOOKMARK [2][-]{subsection.20.1}{20.1. Cochran and McNemar tests}{section.20}% 50
\BOOKMARK [2][-]{subsection.20.2}{20.2. Aligned Rank Tests}{section.20}% 51
\BOOKMARK [2][-]{subsection.20.3}{20.3. Testing for Trends}{section.20}% 52
\BOOKMARK [1][-]{section.21}{21. November 21st, 2012}{}% 53
\BOOKMARK [2][-]{subsection.21.1}{21.1. Tests of Independence}{section.21}% 54
\BOOKMARK [1][-]{section.22}{22. November 26th, 2012}{}% 55
\BOOKMARK [1][-]{section.23}{23. November 28th, 2012}{}% 56
\BOOKMARK [1][-]{section.24}{24. December 3rd, 2012}{}% 57
